This file contains any messages produced by compilers while
running configure, to aid debugging if configure makes a mistake.

It was created by libxad configure 0.1, which was
generated by GNU Autoconf 2.59.  Invocation command line was

  $ ./configure --prefix=/Users/dag/Code/SevenArchiveHelper/libxad/portable/_install --disable-dependency-tracking

## --------- ##
## Platform. ##
## --------- ##

hostname = haibane.adsl.abo.fi
uname -m = Power Macintosh
uname -r = 8.6.0
uname -s = Darwin
uname -v = Darwin Kernel Version 8.6.0: Tue Mar  7 16:58:48 PST 2006; root:xnu-792.6.70.obj~1/RELEASE_PPC

/usr/bin/uname -p = powerpc
/bin/uname -X     = unknown

/bin/arch              = unknown
/usr/bin/arch -k       = unknown
/usr/convex/getsysinfo = unknown
hostinfo               = Mach kernel version:
	 Darwin Kernel Version 8.6.0: Tue Mar  7 16:58:48 PST 2006; root:xnu-792.6.70.obj~1/RELEASE_PPC
Kernel configured for a single processor only.
1 processor is physically available.
Processor type: ppc7450 (PowerPC 7450)
Processor active: 0
Primary memory available: 512.00 megabytes
Default processor set: 95 tasks, 332 threads, 1 processors
Load average: 2.93, Mach factor: 0.23
/bin/machine           = unknown
/usr/bin/oslevel       = unknown
/bin/universe          = unknown

PATH: /bin
PATH: /sbin
PATH: /usr/bin
PATH: /usr/sbin


## ----------- ##
## Core tests. ##
## ----------- ##

configure:1554: checking for a BSD-compatible install
configure:1609: result: /usr/bin/install -c
configure:1620: checking whether build environment is sane
configure:1663: result: yes
configure:1696: checking for gawk
configure:1725: result: no
configure:1696: checking for mawk
configure:1725: result: no
configure:1696: checking for nawk
configure:1725: result: no
configure:1696: checking for awk
configure:1712: found /usr/bin/awk
configure:1722: result: awk
configure:1732: checking whether make sets $(MAKE)
configure:1752: result: yes
configure:2000: checking for gcc
configure:2016: found /usr/bin/gcc
configure:2026: result: gcc
configure:2270: checking for C compiler version
configure:2273: gcc --version </dev/null >&5
powerpc-apple-darwin8-gcc-4.0.1 (GCC) 4.0.1 (Apple Computer, Inc. build 5247)
Copyright (C) 2005 Free Software Foundation, Inc.
This is free software; see the source for copying conditions.  There is NO
warranty; not even for MERCHANTABILITY or FITNESS FOR A PARTICULAR PURPOSE.

configure:2276: $? = 0
configure:2278: gcc -v </dev/null >&5
Using built-in specs.
Target: powerpc-apple-darwin8
Configured with: /private/var/tmp/gcc/gcc-5247.obj~4/src/configure --disable-checking -enable-werror --prefix=/usr --mandir=/share/man --enable-languages=c,objc,c++,obj-c++ --program-transform-name=/^[cg][^.-]*$/s/$/-4.0/ --with-gxx-include-dir=/include/c++/4.0.0 --build=powerpc-apple-darwin8 --host=powerpc-apple-darwin8 --target=powerpc-apple-darwin8
Thread model: posix
gcc version 4.0.1 (Apple Computer, Inc. build 5247)
configure:2281: $? = 0
configure:2283: gcc -V </dev/null >&5
gcc: argument to `-V' is missing
configure:2286: $? = 1
configure:2309: checking for C compiler default output file name
configure:2312: gcc -isysroot /Developer/SDKs/MacOSX10.4u.sdk -arch ppc -arch i386   conftest.c  >&5
configure:2315: $? = 0
configure:2361: result: a.out
configure:2366: checking whether the C compiler works
configure:2372: ./a.out
configure:2375: $? = 0
configure:2392: result: yes
configure:2399: checking whether we are cross compiling
configure:2401: result: no
configure:2404: checking for suffix of executables
configure:2406: gcc -o conftest -isysroot /Developer/SDKs/MacOSX10.4u.sdk -arch ppc -arch i386   conftest.c  >&5
configure:2409: $? = 0
configure:2434: result: 
configure:2440: checking for suffix of object files
configure:2461: gcc -c -isysroot /Developer/SDKs/MacOSX10.4u.sdk -arch ppc -arch i386  conftest.c >&5
configure:2464: $? = 0
configure:2486: result: o
configure:2490: checking whether we are using the GNU C compiler
configure:2514: gcc -c -isysroot /Developer/SDKs/MacOSX10.4u.sdk -arch ppc -arch i386  conftest.c >&5
configure:2520: $? = 0
configure:2524: test -z 
			 || test ! -s conftest.err
configure:2527: $? = 0
configure:2530: test -s conftest.o
configure:2533: $? = 0
configure:2546: result: yes
configure:2552: checking whether gcc accepts -g
configure:2573: gcc -c -g  conftest.c >&5
configure:2579: $? = 0
configure:2583: test -z 
			 || test ! -s conftest.err
configure:2586: $? = 0
configure:2589: test -s conftest.o
configure:2592: $? = 0
configure:2603: result: yes
configure:2620: checking for gcc option to accept ANSI C
configure:2690: gcc  -c -isysroot /Developer/SDKs/MacOSX10.4u.sdk -arch ppc -arch i386  conftest.c >&5
configure:2696: $? = 0
configure:2700: test -z 
			 || test ! -s conftest.err
configure:2703: $? = 0
configure:2706: test -s conftest.o
configure:2709: $? = 0
configure:2727: result: none needed
configure:2745: gcc -c -isysroot /Developer/SDKs/MacOSX10.4u.sdk -arch ppc -arch i386  conftest.c >&5
conftest.c:2: error: parse error before 'me'
conftest.c:2: error: parse error before 'me'
lipo: can't figure out the architecture type of: /var/tmp//cc2w7asI.out
configure:2751: $? = 1
configure: failed program was:
| #ifndef __cplusplus
|   choke me
| #endif
configure:2903: checking for style of include used by make
configure:2931: result: GNU
configure:2959: checking dependency style of gcc
configure:3021: result: none
configure:3039: checking for a BSD-compatible install
configure:3094: result: /usr/bin/install -c
configure:3189: checking build system type
configure:3207: result: powerpc-apple-darwin8.6.0
configure:3215: checking host system type
configure:3229: result: powerpc-apple-darwin8.6.0
configure:3237: checking for a sed that does not truncate output
configure:3291: result: /usr/bin/sed
configure:3294: checking for egrep
configure:3304: result: grep -E
configure:3320: checking for ld used by gcc
configure:3387: result: /usr/bin/ld
configure:3396: checking if the linker (/usr/bin/ld) is GNU ld
configure:3411: result: no
configure:3416: checking for /usr/bin/ld option to reload object files
configure:3423: result: -r
configure:3432: checking for BSD-compatible nm
configure:3474: result: /usr/bin/nm -p
configure:3478: checking whether ln -s works
configure:3482: result: yes
configure:3489: checking how to recognise dependent libraries
configure:3689: result: pass_all
configure:3902: checking how to run the C preprocessor
configure:3937: gcc -E  conftest.c
configure:3943: $? = 0
configure:3975: gcc -E  conftest.c
conftest.c:12:28: error: ac_nonexistent.h: No such file or directory
configure:3981: $? = 1
configure: failed program was:
| /* confdefs.h.  */
| 
| #define PACKAGE_NAME "libxad"
| #define PACKAGE_TARNAME "libxad"
| #define PACKAGE_VERSION "0.1"
| #define PACKAGE_STRING "libxad 0.1"
| #define PACKAGE_BUGREPORT "soft@dstoecker.de"
| #define PACKAGE "libxad"
| #define VERSION "0.1"
| #define XAD_GPLCLIENTS 1
| /* end confdefs.h.  */
| #include <ac_nonexistent.h>
configure:4020: result: gcc -E
configure:4044: gcc -E  conftest.c
configure:4050: $? = 0
configure:4082: gcc -E  conftest.c
conftest.c:12:28: error: ac_nonexistent.h: No such file or directory
configure:4088: $? = 1
configure: failed program was:
| /* confdefs.h.  */
| 
| #define PACKAGE_NAME "libxad"
| #define PACKAGE_TARNAME "libxad"
| #define PACKAGE_VERSION "0.1"
| #define PACKAGE_STRING "libxad 0.1"
| #define PACKAGE_BUGREPORT "soft@dstoecker.de"
| #define PACKAGE "libxad"
| #define VERSION "0.1"
| #define XAD_GPLCLIENTS 1
| /* end confdefs.h.  */
| #include <ac_nonexistent.h>
configure:4132: checking for ANSI C header files
configure:4157: gcc -c -isysroot /Developer/SDKs/MacOSX10.4u.sdk -arch ppc -arch i386  conftest.c >&5
configure:4163: $? = 0
configure:4167: test -z 
			 || test ! -s conftest.err
configure:4170: $? = 0
configure:4173: test -s conftest.o
configure:4176: $? = 0
configure:4262: gcc -o conftest -isysroot /Developer/SDKs/MacOSX10.4u.sdk -arch ppc -arch i386   conftest.c  >&5
conftest.c: In function 'main':
conftest.c:29: warning: incompatible implicit declaration of built-in function 'exit'
conftest.c: In function 'main':
conftest.c:29: warning: incompatible implicit declaration of built-in function 'exit'
configure:4265: $? = 0
configure:4267: ./conftest
configure:4270: $? = 0
configure:4285: result: yes
configure:4309: checking for sys/types.h
configure:4325: gcc -c -isysroot /Developer/SDKs/MacOSX10.4u.sdk -arch ppc -arch i386  conftest.c >&5
configure:4331: $? = 0
configure:4335: test -z 
			 || test ! -s conftest.err
configure:4338: $? = 0
configure:4341: test -s conftest.o
configure:4344: $? = 0
configure:4355: result: yes
configure:4309: checking for sys/stat.h
configure:4325: gcc -c -isysroot /Developer/SDKs/MacOSX10.4u.sdk -arch ppc -arch i386  conftest.c >&5
configure:4331: $? = 0
configure:4335: test -z 
			 || test ! -s conftest.err
configure:4338: $? = 0
configure:4341: test -s conftest.o
configure:4344: $? = 0
configure:4355: result: yes
configure:4309: checking for stdlib.h
configure:4325: gcc -c -isysroot /Developer/SDKs/MacOSX10.4u.sdk -arch ppc -arch i386  conftest.c >&5
configure:4331: $? = 0
configure:4335: test -z 
			 || test ! -s conftest.err
configure:4338: $? = 0
configure:4341: test -s conftest.o
configure:4344: $? = 0
configure:4355: result: yes
configure:4309: checking for string.h
configure:4325: gcc -c -isysroot /Developer/SDKs/MacOSX10.4u.sdk -arch ppc -arch i386  conftest.c >&5
configure:4331: $? = 0
configure:4335: test -z 
			 || test ! -s conftest.err
configure:4338: $? = 0
configure:4341: test -s conftest.o
configure:4344: $? = 0
configure:4355: result: yes
configure:4309: checking for memory.h
configure:4325: gcc -c -isysroot /Developer/SDKs/MacOSX10.4u.sdk -arch ppc -arch i386  conftest.c >&5
configure:4331: $? = 0
configure:4335: test -z 
			 || test ! -s conftest.err
configure:4338: $? = 0
configure:4341: test -s conftest.o
configure:4344: $? = 0
configure:4355: result: yes
configure:4309: checking for strings.h
configure:4325: gcc -c -isysroot /Developer/SDKs/MacOSX10.4u.sdk -arch ppc -arch i386  conftest.c >&5
configure:4331: $? = 0
configure:4335: test -z 
			 || test ! -s conftest.err
configure:4338: $? = 0
configure:4341: test -s conftest.o
configure:4344: $? = 0
configure:4355: result: yes
configure:4309: checking for inttypes.h
configure:4325: gcc -c -isysroot /Developer/SDKs/MacOSX10.4u.sdk -arch ppc -arch i386  conftest.c >&5
configure:4331: $? = 0
configure:4335: test -z 
			 || test ! -s conftest.err
configure:4338: $? = 0
configure:4341: test -s conftest.o
configure:4344: $? = 0
configure:4355: result: yes
configure:4309: checking for stdint.h
configure:4325: gcc -c -isysroot /Developer/SDKs/MacOSX10.4u.sdk -arch ppc -arch i386  conftest.c >&5
configure:4331: $? = 0
configure:4335: test -z 
			 || test ! -s conftest.err
configure:4338: $? = 0
configure:4341: test -s conftest.o
configure:4344: $? = 0
configure:4355: result: yes
configure:4309: checking for unistd.h
configure:4325: gcc -c -isysroot /Developer/SDKs/MacOSX10.4u.sdk -arch ppc -arch i386  conftest.c >&5
configure:4331: $? = 0
configure:4335: test -z 
			 || test ! -s conftest.err
configure:4338: $? = 0
configure:4341: test -s conftest.o
configure:4344: $? = 0
configure:4355: result: yes
configure:4381: checking dlfcn.h usability
configure:4393: gcc -c -isysroot /Developer/SDKs/MacOSX10.4u.sdk -arch ppc -arch i386  conftest.c >&5
configure:4399: $? = 0
configure:4403: test -z 
			 || test ! -s conftest.err
configure:4406: $? = 0
configure:4409: test -s conftest.o
configure:4412: $? = 0
configure:4422: result: yes
configure:4426: checking dlfcn.h presence
configure:4436: gcc -E  conftest.c
configure:4442: $? = 0
configure:4462: result: yes
configure:4497: checking for dlfcn.h
configure:4504: result: yes
configure:4569: checking for g++
configure:4585: found /usr/bin/g++
configure:4595: result: g++
configure:4611: checking for C++ compiler version
configure:4614: g++ --version </dev/null >&5
powerpc-apple-darwin8-g++-4.0.1 (GCC) 4.0.1 (Apple Computer, Inc. build 5247)
Copyright (C) 2005 Free Software Foundation, Inc.
This is free software; see the source for copying conditions.  There is NO
warranty; not even for MERCHANTABILITY or FITNESS FOR A PARTICULAR PURPOSE.

configure:4617: $? = 0
configure:4619: g++ -v </dev/null >&5
Using built-in specs.
Target: powerpc-apple-darwin8
Configured with: /private/var/tmp/gcc/gcc-5247.obj~4/src/configure --disable-checking -enable-werror --prefix=/usr --mandir=/share/man --enable-languages=c,objc,c++,obj-c++ --program-transform-name=/^[cg][^.-]*$/s/$/-4.0/ --with-gxx-include-dir=/include/c++/4.0.0 --build=powerpc-apple-darwin8 --host=powerpc-apple-darwin8 --target=powerpc-apple-darwin8
Thread model: posix
gcc version 4.0.1 (Apple Computer, Inc. build 5247)
configure:4622: $? = 0
configure:4624: g++ -V </dev/null >&5
g++: argument to `-V' is missing
configure:4627: $? = 1
configure:4630: checking whether we are using the GNU C++ compiler
configure:4654: g++ -c   conftest.cc >&5
configure:4660: $? = 0
configure:4664: test -z 
			 || test ! -s conftest.err
configure:4667: $? = 0
configure:4670: test -s conftest.o
configure:4673: $? = 0
configure:4686: result: yes
configure:4692: checking whether g++ accepts -g
configure:4713: g++ -c -g  conftest.cc >&5
configure:4719: $? = 0
configure:4723: test -z 
			 || test ! -s conftest.err
configure:4726: $? = 0
configure:4729: test -s conftest.o
configure:4732: $? = 0
configure:4743: result: yes
configure:4785: g++ -c -g -O2  conftest.cc >&5
configure:4791: $? = 0
configure:4795: test -z 
			 || test ! -s conftest.err
configure:4798: $? = 0
configure:4801: test -s conftest.o
configure:4804: $? = 0
configure:4830: g++ -c -g -O2  conftest.cc >&5
conftest.cc: In function 'int main()':
conftest.cc:27: error: 'exit' was not declared in this scope
configure:4836: $? = 1
configure: failed program was:
| /* confdefs.h.  */
| 
| #define PACKAGE_NAME "libxad"
| #define PACKAGE_TARNAME "libxad"
| #define PACKAGE_VERSION "0.1"
| #define PACKAGE_STRING "libxad 0.1"
| #define PACKAGE_BUGREPORT "soft@dstoecker.de"
| #define PACKAGE "libxad"
| #define VERSION "0.1"
| #define XAD_GPLCLIENTS 1
| #define STDC_HEADERS 1
| #define HAVE_SYS_TYPES_H 1
| #define HAVE_SYS_STAT_H 1
| #define HAVE_STDLIB_H 1
| #define HAVE_STRING_H 1
| #define HAVE_MEMORY_H 1
| #define HAVE_STRINGS_H 1
| #define HAVE_INTTYPES_H 1
| #define HAVE_STDINT_H 1
| #define HAVE_UNISTD_H 1
| #define HAVE_DLFCN_H 1
| /* end confdefs.h.  */
| 
| int
| main ()
| {
| exit (42);
|   ;
|   return 0;
| }
configure:4785: g++ -c -g -O2  conftest.cc >&5
/usr/include/stdlib.h:158: error: declaration of 'void std::exit(int)' throws different exceptions
conftest.cc:23: error: than previous declaration 'void std::exit(int) throw ()'
configure:4791: $? = 1
configure: failed program was:
| /* confdefs.h.  */
| 
| #define PACKAGE_NAME "libxad"
| #define PACKAGE_TARNAME "libxad"
| #define PACKAGE_VERSION "0.1"
| #define PACKAGE_STRING "libxad 0.1"
| #define PACKAGE_BUGREPORT "soft@dstoecker.de"
| #define PACKAGE "libxad"
| #define VERSION "0.1"
| #define XAD_GPLCLIENTS 1
| #define STDC_HEADERS 1
| #define HAVE_SYS_TYPES_H 1
| #define HAVE_SYS_STAT_H 1
| #define HAVE_STDLIB_H 1
| #define HAVE_STRING_H 1
| #define HAVE_MEMORY_H 1
| #define HAVE_STRINGS_H 1
| #define HAVE_INTTYPES_H 1
| #define HAVE_STDINT_H 1
| #define HAVE_UNISTD_H 1
| #define HAVE_DLFCN_H 1
| /* end confdefs.h.  */
| extern "C" void std::exit (int) throw (); using std::exit;
| #include <stdlib.h>
| int
| main ()
| {
| exit (42);
|   ;
|   return 0;
| }
configure:4785: g++ -c -g -O2  conftest.cc >&5
configure:4791: $? = 0
configure:4795: test -z 
			 || test ! -s conftest.err
configure:4798: $? = 0
configure:4801: test -s conftest.o
configure:4804: $? = 0
configure:4830: g++ -c -g -O2  conftest.cc >&5
configure:4836: $? = 0
configure:4840: test -z 
			 || test ! -s conftest.err
configure:4843: $? = 0
configure:4846: test -s conftest.o
configure:4849: $? = 0
configure:4874: checking dependency style of g++
configure:4936: result: none
configure:4946: checking how to run the C++ preprocessor
configure:4977: g++ -E  conftest.cc
configure:4983: $? = 0
configure:5015: g++ -E  conftest.cc
conftest.cc:26:28: error: ac_nonexistent.h: No such file or directory
configure:5021: $? = 1
configure: failed program was:
| /* confdefs.h.  */
| 
| #define PACKAGE_NAME "libxad"
| #define PACKAGE_TARNAME "libxad"
| #define PACKAGE_VERSION "0.1"
| #define PACKAGE_STRING "libxad 0.1"
| #define PACKAGE_BUGREPORT "soft@dstoecker.de"
| #define PACKAGE "libxad"
| #define VERSION "0.1"
| #define XAD_GPLCLIENTS 1
| #define STDC_HEADERS 1
| #define HAVE_SYS_TYPES_H 1
| #define HAVE_SYS_STAT_H 1
| #define HAVE_STDLIB_H 1
| #define HAVE_STRING_H 1
| #define HAVE_MEMORY_H 1
| #define HAVE_STRINGS_H 1
| #define HAVE_INTTYPES_H 1
| #define HAVE_STDINT_H 1
| #define HAVE_UNISTD_H 1
| #define HAVE_DLFCN_H 1
| #ifdef __cplusplus
| extern "C" void std::exit (int); using std::exit;
| #endif
| /* end confdefs.h.  */
| #include <ac_nonexistent.h>
configure:5060: result: g++ -E
configure:5084: g++ -E  conftest.cc
configure:5090: $? = 0
configure:5122: g++ -E  conftest.cc
conftest.cc:26:28: error: ac_nonexistent.h: No such file or directory
configure:5128: $? = 1
configure: failed program was:
| /* confdefs.h.  */
| 
| #define PACKAGE_NAME "libxad"
| #define PACKAGE_TARNAME "libxad"
| #define PACKAGE_VERSION "0.1"
| #define PACKAGE_STRING "libxad 0.1"
| #define PACKAGE_BUGREPORT "soft@dstoecker.de"
| #define PACKAGE "libxad"
| #define VERSION "0.1"
| #define XAD_GPLCLIENTS 1
| #define STDC_HEADERS 1
| #define HAVE_SYS_TYPES_H 1
| #define HAVE_SYS_STAT_H 1
| #define HAVE_STDLIB_H 1
| #define HAVE_STRING_H 1
| #define HAVE_MEMORY_H 1
| #define HAVE_STRINGS_H 1
| #define HAVE_INTTYPES_H 1
| #define HAVE_STDINT_H 1
| #define HAVE_UNISTD_H 1
| #define HAVE_DLFCN_H 1
| #ifdef __cplusplus
| extern "C" void std::exit (int); using std::exit;
| #endif
| /* end confdefs.h.  */
| #include <ac_nonexistent.h>
configure:5223: checking for g77
configure:5252: result: no
configure:5223: checking for f77
configure:5252: result: no
configure:5223: checking for xlf
configure:5252: result: no
configure:5223: checking for frt
configure:5252: result: no
configure:5223: checking for pgf77
configure:5252: result: no
configure:5223: checking for fort77
configure:5252: result: no
configure:5223: checking for fl32
configure:5252: result: no
configure:5223: checking for af77
configure:5252: result: no
configure:5223: checking for f90
configure:5252: result: no
configure:5223: checking for xlf90
configure:5252: result: no
configure:5223: checking for pgf90
configure:5252: result: no
configure:5223: checking for epcf90
configure:5252: result: no
configure:5223: checking for f95
configure:5252: result: no
configure:5223: checking for fort
configure:5252: result: no
configure:5223: checking for xlf95
configure:5252: result: no
configure:5223: checking for ifc
configure:5252: result: no
configure:5223: checking for efc
configure:5252: result: no
configure:5223: checking for pgf95
configure:5252: result: no
configure:5223: checking for lf95
configure:5252: result: no
configure:5223: checking for gfortran
configure:5252: result: no
configure:5267: checking for Fortran 77 compiler version
configure:5267:  --version </dev/null >&5
./configure: line 1: --version: command not found
configure:5270: $? = 127
configure:5272:  -v </dev/null >&5
./configure: line 1: -v: command not found
configure:5275: $? = 127
configure:5277:  -V </dev/null >&5
./configure: line 1: -V: command not found
configure:5280: $? = 127
configure:5288: checking whether we are using the GNU Fortran 77 compiler
configure:5302:  -c  conftest.F >&5
./configure: line 1: -c: command not found
configure:5308: $? = 127
configure: failed program was:
|       program main
| #ifndef __GNUC__
|        choke me
| #endif
| 
|       end
configure:5334: result: no
configure:5340: checking whether  accepts -g
configure:5352:  -c -g conftest.f >&5
./configure: line 1: -c: command not found
configure:5358: $? = 127
configure: failed program was:
|       program main
| 
|       end
configure:5383: result: no
configure:5413: checking the maximum length of command line arguments
configure:5472: result: 65536
configure:5483: checking command to parse /usr/bin/nm -p output from gcc object
configure:5572: gcc -c -isysroot /Developer/SDKs/MacOSX10.4u.sdk -arch ppc -arch i386  conftest.c >&5
configure:5575: $? = 0
configure:5579: /usr/bin/nm -p conftest.o \| sed -n -e 's/^.*[ 	]\([BCDEGRST][BCDEGRST]*\)[ 	][ 	]*\(\)\([_A-Za-z][_A-Za-z0-9]*\)$/\1 \2\3 \3/p' \> conftest.nm
configure:5582: $? = 0
cannot find nm_test_var in conftest.nm
configure:5572: gcc -c -isysroot /Developer/SDKs/MacOSX10.4u.sdk -arch ppc -arch i386  conftest.c >&5
configure:5575: $? = 0
configure:5579: /usr/bin/nm -p conftest.o \| sed -n -e 's/^.*[ 	]\([BCDEGRST][BCDEGRST]*\)[ 	][ 	]*\(_\)\([_A-Za-z][_A-Za-z0-9]*\)$/\1 \2\3 \3/p' \> conftest.nm
configure:5582: $? = 0
configure:5634: gcc -o conftest -isysroot /Developer/SDKs/MacOSX10.4u.sdk -arch ppc -arch i386   conftest.c conftstm.o >&5
configure:5637: $? = 0
configure:5675: result: ok
configure:5679: checking for objdir
configure:5694: result: .libs
configure:5787: checking for ar
configure:5803: found /usr/bin/ar
configure:5814: result: ar
configure:5867: checking for ranlib
configure:5883: found /usr/bin/ranlib
configure:5894: result: ranlib
configure:5947: checking for strip
configure:5963: found /usr/bin/strip
configure:5974: result: strip
configure:6236: checking if gcc static flag  works
configure:6259: result: yes
configure:6276: checking if gcc supports -fno-rtti -fno-exceptions
configure:6297: gcc -c -isysroot /Developer/SDKs/MacOSX10.4u.sdk -arch ppc -arch i386  -fno-rtti -fno-exceptions conftest.c >&5
cc1: warning: command line option "-fno-rtti" is valid for C++/ObjC++ but not for C
cc1: warning: command line option "-fno-rtti" is valid for C++/ObjC++ but not for C
configure:6301: $? = 0
configure:6309: result: no
configure:6324: checking for gcc option to produce PIC
configure:6501: result: -fno-common
configure:6508: checking if gcc PIC flag -fno-common works
configure:6529: gcc -c -isysroot /Developer/SDKs/MacOSX10.4u.sdk -arch ppc -arch i386  -fno-common -DPIC conftest.c >&5
configure:6533: $? = 0
configure:6541: result: yes
configure:6565: checking if gcc supports -c -o file.o
configure:6596: gcc -c -isysroot /Developer/SDKs/MacOSX10.4u.sdk -arch ppc -arch i386  -o out/conftest2.o conftest.c >&5
configure:6600: $? = 0
configure:6614: result: yes
configure:6640: checking whether the gcc linker (/usr/bin/ld) supports shared libraries
configure:7468: result: yes
configure:7539: checking how to hardcode library paths into programs
configure:7564: result: immediate
configure:7578: checking whether stripping libraries is possible
configure:7599: result: no
configure:7605: checking dynamic linker characteristics
configure:8116: result: darwin8.6.0 dyld
configure:8147: checking for dlopen in -ldl
configure:8177: gcc -o conftest -isysroot /Developer/SDKs/MacOSX10.4u.sdk -arch ppc -arch i386   conftest.c -ldl   >&5
configure:8183: $? = 0
configure:8187: test -z 
			 || test ! -s conftest.err
configure:8190: $? = 0
configure:8193: test -s conftest
configure:8196: $? = 0
configure:8209: result: yes
configure:8714: checking whether a program can dlopen itself
configure:8786: gcc -o conftest -isysroot /Developer/SDKs/MacOSX10.4u.sdk -arch ppc -arch i386  -DHAVE_DLFCN_H   conftest.c -ldl  >&5
configure: In function 'main':
configure:8785: warning: incompatible implicit declaration of built-in function 'exit'
configure: In function 'main':
configure:8785: warning: incompatible implicit declaration of built-in function 'exit'
configure:8789: $? = 0
configure:8807: result: yes
configure:8812: checking whether a statically linked program can dlopen itself
configure:8884: gcc -o conftest -isysroot /Developer/SDKs/MacOSX10.4u.sdk -arch ppc -arch i386  -DHAVE_DLFCN_H    conftest.c -ldl  >&5
configure: In function 'main':
configure:8883: warning: incompatible implicit declaration of built-in function 'exit'
configure: In function 'main':
configure:8883: warning: incompatible implicit declaration of built-in function 'exit'
configure:8887: $? = 0
configure:8905: result: yes
configure:8928: checking if libtool supports shared libraries
configure:8930: result: yes
configure:8933: checking whether to build shared libraries
configure:8996: result: yes
configure:8999: checking whether to build static libraries
configure:9003: result: no
configure:9094: creating libtool
configure:9641: checking for ld used by g++
configure:9708: result: /usr/bin/ld
configure:9717: checking if the linker (/usr/bin/ld) is GNU ld
configure:9732: result: no
configure:9783: checking whether the g++ linker (/usr/bin/ld) supports shared libraries
configure:10612: result: yes
configure:10630: g++ -c -g -O2  conftest.cc >&5
configure:10633: $? = 0
configure:10729: checking for g++ option to produce PIC
configure:10981: result: -fno-common
configure:10988: checking if g++ PIC flag -fno-common works
configure:11009: g++ -c -g -O2  -fno-common -DPIC conftest.cc >&5
configure:11013: $? = 0
configure:11021: result: yes
configure:11045: checking if g++ supports -c -o file.o
configure:11076: g++ -c -g -O2  -o out/conftest2.o conftest.cc >&5
configure:11080: $? = 0
configure:11094: result: yes
configure:11120: checking whether the g++ linker (/usr/bin/ld) supports shared libraries
configure:11145: result: yes
configure:11216: checking how to hardcode library paths into programs
configure:11241: result: immediate
configure:11255: checking whether stripping libraries is possible
configure:11276: result: no
configure:11282: checking dynamic linker characteristics
configure:11793: result: darwin8.6.0 dyld
configure:11824: checking for dlopen in -ldl
configure:11886: result: yes
configure:12391: checking whether a program can dlopen itself
configure:12484: result: yes
configure:12489: checking whether a statically linked program can dlopen itself
configure:12582: result: yes
configure:18919: checking for ANSI C header files
configure:19072: result: yes
configure:19082: checking whether time.h and sys/time.h may both be included
configure:19107: gcc -c -isysroot /Developer/SDKs/MacOSX10.4u.sdk -arch ppc -arch i386  conftest.c >&5
configure:19113: $? = 0
configure:19117: test -z 
			 || test ! -s conftest.err
configure:19120: $? = 0
configure:19123: test -s conftest.o
configure:19126: $? = 0
configure:19137: result: yes
configure:19155: checking for dirent.h that defines DIR
configure:19179: gcc -c -isysroot /Developer/SDKs/MacOSX10.4u.sdk -arch ppc -arch i386  conftest.c >&5
configure:19185: $? = 0
configure:19189: test -z 
			 || test ! -s conftest.err
configure:19192: $? = 0
configure:19195: test -s conftest.o
configure:19198: $? = 0
configure:19209: result: yes
configure:19222: checking for library containing opendir
configure:19252: gcc -o conftest -isysroot /Developer/SDKs/MacOSX10.4u.sdk -arch ppc -arch i386   conftest.c  >&5
configure:19258: $? = 0
configure:19262: test -z 
			 || test ! -s conftest.err
configure:19265: $? = 0
configure:19268: test -s conftest
configure:19271: $? = 0
configure:19341: result: none required
configure:19512: checking ctype.h usability
configure:19524: gcc -c -isysroot /Developer/SDKs/MacOSX10.4u.sdk -arch ppc -arch i386  conftest.c >&5
configure:19530: $? = 0
configure:19534: test -z 
			 || test ! -s conftest.err
configure:19537: $? = 0
configure:19540: test -s conftest.o
configure:19543: $? = 0
configure:19553: result: yes
configure:19557: checking ctype.h presence
configure:19567: gcc -E  conftest.c
configure:19573: $? = 0
configure:19593: result: yes
configure:19628: checking for ctype.h
configure:19635: result: yes
configure:19512: checking dirent.h usability
configure:19524: gcc -c -isysroot /Developer/SDKs/MacOSX10.4u.sdk -arch ppc -arch i386  conftest.c >&5
configure:19530: $? = 0
configure:19534: test -z 
			 || test ! -s conftest.err
configure:19537: $? = 0
configure:19540: test -s conftest.o
configure:19543: $? = 0
configure:19553: result: yes
configure:19557: checking dirent.h presence
configure:19567: gcc -E  conftest.c
configure:19573: $? = 0
configure:19593: result: yes
configure:19628: checking for dirent.h
configure:19635: result: yes
configure:19503: checking for dlfcn.h
configure:19508: result: yes
configure:19512: checking errno.h usability
configure:19524: gcc -c -isysroot /Developer/SDKs/MacOSX10.4u.sdk -arch ppc -arch i386  conftest.c >&5
configure:19530: $? = 0
configure:19534: test -z 
			 || test ! -s conftest.err
configure:19537: $? = 0
configure:19540: test -s conftest.o
configure:19543: $? = 0
configure:19553: result: yes
configure:19557: checking errno.h presence
configure:19567: gcc -E  conftest.c
configure:19573: $? = 0
configure:19593: result: yes
configure:19628: checking for errno.h
configure:19635: result: yes
configure:19512: checking fcntl.h usability
configure:19524: gcc -c -isysroot /Developer/SDKs/MacOSX10.4u.sdk -arch ppc -arch i386  conftest.c >&5
configure:19530: $? = 0
configure:19534: test -z 
			 || test ! -s conftest.err
configure:19537: $? = 0
configure:19540: test -s conftest.o
configure:19543: $? = 0
configure:19553: result: yes
configure:19557: checking fcntl.h presence
configure:19567: gcc -E  conftest.c
configure:19573: $? = 0
configure:19593: result: yes
configure:19628: checking for fcntl.h
configure:19635: result: yes
configure:19512: checking getopt.h usability
configure:19524: gcc -c -isysroot /Developer/SDKs/MacOSX10.4u.sdk -arch ppc -arch i386  conftest.c >&5
configure:19530: $? = 0
configure:19534: test -z 
			 || test ! -s conftest.err
configure:19537: $? = 0
configure:19540: test -s conftest.o
configure:19543: $? = 0
configure:19553: result: yes
configure:19557: checking getopt.h presence
configure:19567: gcc -E  conftest.c
configure:19573: $? = 0
configure:19593: result: yes
configure:19628: checking for getopt.h
configure:19635: result: yes
configure:19512: checking libintl.h usability
configure:19524: gcc -c -isysroot /Developer/SDKs/MacOSX10.4u.sdk -arch ppc -arch i386  conftest.c >&5
conftest.c:70:21: error: libintl.h: No such file or directory
conftest.c:70:21: error: libintl.h: No such file or directory
lipo: can't figure out the architecture type of: /var/tmp//ccWAkCZm.out
configure:19530: $? = 1
configure: failed program was:
| /* confdefs.h.  */
| 
| #define PACKAGE_NAME "libxad"
| #define PACKAGE_TARNAME "libxad"
| #define PACKAGE_VERSION "0.1"
| #define PACKAGE_STRING "libxad 0.1"
| #define PACKAGE_BUGREPORT "soft@dstoecker.de"
| #define PACKAGE "libxad"
| #define VERSION "0.1"
| #define XAD_GPLCLIENTS 1
| #define STDC_HEADERS 1
| #define HAVE_SYS_TYPES_H 1
| #define HAVE_SYS_STAT_H 1
| #define HAVE_STDLIB_H 1
| #define HAVE_STRING_H 1
| #define HAVE_MEMORY_H 1
| #define HAVE_STRINGS_H 1
| #define HAVE_INTTYPES_H 1
| #define HAVE_STDINT_H 1
| #define HAVE_UNISTD_H 1
| #define HAVE_DLFCN_H 1
| #ifdef __cplusplus
| extern "C" void std::exit (int); using std::exit;
| #endif
| #define SO_EXT ""
| #define STDC_HEADERS 1
| #define TIME_WITH_SYS_TIME 1
| #define HAVE_DIRENT_H 1
| #define HAVE_CTYPE_H 1
| #define HAVE_DIRENT_H 1
| #define HAVE_DLFCN_H 1
| #define HAVE_ERRNO_H 1
| #define HAVE_FCNTL_H 1
| #define HAVE_GETOPT_H 1
| /* end confdefs.h.  */
| #include <stdio.h>
| #if HAVE_SYS_TYPES_H
| # include <sys/types.h>
| #endif
| #if HAVE_SYS_STAT_H
| # include <sys/stat.h>
| #endif
| #if STDC_HEADERS
| # include <stdlib.h>
| # include <stddef.h>
| #else
| # if HAVE_STDLIB_H
| #  include <stdlib.h>
| # endif
| #endif
| #if HAVE_STRING_H
| # if !STDC_HEADERS && HAVE_MEMORY_H
| #  include <memory.h>
| # endif
| # include <string.h>
| #endif
| #if HAVE_STRINGS_H
| # include <strings.h>
| #endif
| #if HAVE_INTTYPES_H
| # include <inttypes.h>
| #else
| # if HAVE_STDINT_H
| #  include <stdint.h>
| # endif
| #endif
| #if HAVE_UNISTD_H
| # include <unistd.h>
| #endif
| #include <libintl.h>
configure:19553: result: no
configure:19557: checking libintl.h presence
configure:19567: gcc -E  conftest.c
conftest.c:36:21: error: libintl.h: No such file or directory
configure:19573: $? = 1
configure: failed program was:
| /* confdefs.h.  */
| 
| #define PACKAGE_NAME "libxad"
| #define PACKAGE_TARNAME "libxad"
| #define PACKAGE_VERSION "0.1"
| #define PACKAGE_STRING "libxad 0.1"
| #define PACKAGE_BUGREPORT "soft@dstoecker.de"
| #define PACKAGE "libxad"
| #define VERSION "0.1"
| #define XAD_GPLCLIENTS 1
| #define STDC_HEADERS 1
| #define HAVE_SYS_TYPES_H 1
| #define HAVE_SYS_STAT_H 1
| #define HAVE_STDLIB_H 1
| #define HAVE_STRING_H 1
| #define HAVE_MEMORY_H 1
| #define HAVE_STRINGS_H 1
| #define HAVE_INTTYPES_H 1
| #define HAVE_STDINT_H 1
| #define HAVE_UNISTD_H 1
| #define HAVE_DLFCN_H 1
| #ifdef __cplusplus
| extern "C" void std::exit (int); using std::exit;
| #endif
| #define SO_EXT ""
| #define STDC_HEADERS 1
| #define TIME_WITH_SYS_TIME 1
| #define HAVE_DIRENT_H 1
| #define HAVE_CTYPE_H 1
| #define HAVE_DIRENT_H 1
| #define HAVE_DLFCN_H 1
| #define HAVE_ERRNO_H 1
| #define HAVE_FCNTL_H 1
| #define HAVE_GETOPT_H 1
| /* end confdefs.h.  */
| #include <libintl.h>
configure:19593: result: no
configure:19628: checking for libintl.h
configure:19635: result: no
configure:19512: checking limits.h usability
configure:19524: gcc -c -isysroot /Developer/SDKs/MacOSX10.4u.sdk -arch ppc -arch i386  conftest.c >&5
configure:19530: $? = 0
configure:19534: test -z 
			 || test ! -s conftest.err
configure:19537: $? = 0
configure:19540: test -s conftest.o
configure:19543: $? = 0
configure:19553: result: yes
configure:19557: checking limits.h presence
configure:19567: gcc -E  conftest.c
configure:19573: $? = 0
configure:19593: result: yes
configure:19628: checking for limits.h
configure:19635: result: yes
configure:19512: checking stdarg.h usability
configure:19524: gcc -c -isysroot /Developer/SDKs/MacOSX10.4u.sdk -arch ppc -arch i386  conftest.c >&5
configure:19530: $? = 0
configure:19534: test -z 
			 || test ! -s conftest.err
configure:19537: $? = 0
configure:19540: test -s conftest.o
configure:19543: $? = 0
configure:19553: result: yes
configure:19557: checking stdarg.h presence
configure:19567: gcc -E  conftest.c
configure:19573: $? = 0
configure:19593: result: yes
configure:19628: checking for stdarg.h
configure:19635: result: yes
configure:19512: checking stddef.h usability
configure:19524: gcc -c -isysroot /Developer/SDKs/MacOSX10.4u.sdk -arch ppc -arch i386  conftest.c >&5
configure:19530: $? = 0
configure:19534: test -z 
			 || test ! -s conftest.err
configure:19537: $? = 0
configure:19540: test -s conftest.o
configure:19543: $? = 0
configure:19553: result: yes
configure:19557: checking stddef.h presence
configure:19567: gcc -E  conftest.c
configure:19573: $? = 0
configure:19593: result: yes
configure:19628: checking for stddef.h
configure:19635: result: yes
configure:19503: checking for stdlib.h
configure:19508: result: yes
configure:19503: checking for string.h
configure:19508: result: yes
configure:19503: checking for sys/stat.h
configure:19508: result: yes
configure:19512: checking sys/time.h usability
configure:19524: gcc -c -isysroot /Developer/SDKs/MacOSX10.4u.sdk -arch ppc -arch i386  conftest.c >&5
configure:19530: $? = 0
configure:19534: test -z 
			 || test ! -s conftest.err
configure:19537: $? = 0
configure:19540: test -s conftest.o
configure:19543: $? = 0
configure:19553: result: yes
configure:19557: checking sys/time.h presence
configure:19567: gcc -E  conftest.c
configure:19573: $? = 0
configure:19593: result: yes
configure:19628: checking for sys/time.h
configure:19635: result: yes
configure:19503: checking for sys/types.h
configure:19508: result: yes
configure:19512: checking sys/wait.h usability
configure:19524: gcc -c -isysroot /Developer/SDKs/MacOSX10.4u.sdk -arch ppc -arch i386  conftest.c >&5
configure:19530: $? = 0
configure:19534: test -z 
			 || test ! -s conftest.err
configure:19537: $? = 0
configure:19540: test -s conftest.o
configure:19543: $? = 0
configure:19553: result: yes
configure:19557: checking sys/wait.h presence
configure:19567: gcc -E  conftest.c
configure:19573: $? = 0
configure:19593: result: yes
configure:19628: checking for sys/wait.h
configure:19635: result: yes
configure:19503: checking for unistd.h
configure:19508: result: yes
configure:19512: checking wchar.h usability
configure:19524: gcc -c -isysroot /Developer/SDKs/MacOSX10.4u.sdk -arch ppc -arch i386  conftest.c >&5
configure:19530: $? = 0
configure:19534: test -z 
			 || test ! -s conftest.err
configure:19537: $? = 0
configure:19540: test -s conftest.o
configure:19543: $? = 0
configure:19553: result: yes
configure:19557: checking wchar.h presence
configure:19567: gcc -E  conftest.c
configure:19573: $? = 0
configure:19593: result: yes
configure:19628: checking for wchar.h
configure:19635: result: yes
configure:19512: checking wctype.h usability
configure:19524: gcc -c -isysroot /Developer/SDKs/MacOSX10.4u.sdk -arch ppc -arch i386  conftest.c >&5
configure:19530: $? = 0
configure:19534: test -z 
			 || test ! -s conftest.err
configure:19537: $? = 0
configure:19540: test -s conftest.o
configure:19543: $? = 0
configure:19553: result: yes
configure:19557: checking wctype.h presence
configure:19567: gcc -E  conftest.c
configure:19573: $? = 0
configure:19593: result: yes
configure:19628: checking for wctype.h
configure:19635: result: yes
configure:19512: checking xpk/xpk.h usability
configure:19524: gcc -c -isysroot /Developer/SDKs/MacOSX10.4u.sdk -arch ppc -arch i386  conftest.c >&5
conftest.c:82:21: error: xpk/xpk.h: No such file or directory
conftest.c:82:21: error: xpk/xpk.h: No such file or directory
lipo: can't figure out the architecture type of: /var/tmp//ccps2YgQ.out
configure:19530: $? = 1
configure: failed program was:
| /* confdefs.h.  */
| 
| #define PACKAGE_NAME "libxad"
| #define PACKAGE_TARNAME "libxad"
| #define PACKAGE_VERSION "0.1"
| #define PACKAGE_STRING "libxad 0.1"
| #define PACKAGE_BUGREPORT "soft@dstoecker.de"
| #define PACKAGE "libxad"
| #define VERSION "0.1"
| #define XAD_GPLCLIENTS 1
| #define STDC_HEADERS 1
| #define HAVE_SYS_TYPES_H 1
| #define HAVE_SYS_STAT_H 1
| #define HAVE_STDLIB_H 1
| #define HAVE_STRING_H 1
| #define HAVE_MEMORY_H 1
| #define HAVE_STRINGS_H 1
| #define HAVE_INTTYPES_H 1
| #define HAVE_STDINT_H 1
| #define HAVE_UNISTD_H 1
| #define HAVE_DLFCN_H 1
| #ifdef __cplusplus
| extern "C" void std::exit (int); using std::exit;
| #endif
| #define SO_EXT ""
| #define STDC_HEADERS 1
| #define TIME_WITH_SYS_TIME 1
| #define HAVE_DIRENT_H 1
| #define HAVE_CTYPE_H 1
| #define HAVE_DIRENT_H 1
| #define HAVE_DLFCN_H 1
| #define HAVE_ERRNO_H 1
| #define HAVE_FCNTL_H 1
| #define HAVE_GETOPT_H 1
| #define HAVE_LIMITS_H 1
| #define HAVE_STDARG_H 1
| #define HAVE_STDDEF_H 1
| #define HAVE_STDLIB_H 1
| #define HAVE_STRING_H 1
| #define HAVE_SYS_STAT_H 1
| #define HAVE_SYS_TIME_H 1
| #define HAVE_SYS_TYPES_H 1
| #define HAVE_SYS_WAIT_H 1
| #define HAVE_UNISTD_H 1
| #define HAVE_WCHAR_H 1
| #define HAVE_WCTYPE_H 1
| /* end confdefs.h.  */
| #include <stdio.h>
| #if HAVE_SYS_TYPES_H
| # include <sys/types.h>
| #endif
| #if HAVE_SYS_STAT_H
| # include <sys/stat.h>
| #endif
| #if STDC_HEADERS
| # include <stdlib.h>
| # include <stddef.h>
| #else
| # if HAVE_STDLIB_H
| #  include <stdlib.h>
| # endif
| #endif
| #if HAVE_STRING_H
| # if !STDC_HEADERS && HAVE_MEMORY_H
| #  include <memory.h>
| # endif
| # include <string.h>
| #endif
| #if HAVE_STRINGS_H
| # include <strings.h>
| #endif
| #if HAVE_INTTYPES_H
| # include <inttypes.h>
| #else
| # if HAVE_STDINT_H
| #  include <stdint.h>
| # endif
| #endif
| #if HAVE_UNISTD_H
| # include <unistd.h>
| #endif
| #include <xpk/xpk.h>
configure:19553: result: no
configure:19557: checking xpk/xpk.h presence
configure:19567: gcc -E  conftest.c
conftest.c:48:21: error: xpk/xpk.h: No such file or directory
configure:19573: $? = 1
configure: failed program was:
| /* confdefs.h.  */
| 
| #define PACKAGE_NAME "libxad"
| #define PACKAGE_TARNAME "libxad"
| #define PACKAGE_VERSION "0.1"
| #define PACKAGE_STRING "libxad 0.1"
| #define PACKAGE_BUGREPORT "soft@dstoecker.de"
| #define PACKAGE "libxad"
| #define VERSION "0.1"
| #define XAD_GPLCLIENTS 1
| #define STDC_HEADERS 1
| #define HAVE_SYS_TYPES_H 1
| #define HAVE_SYS_STAT_H 1
| #define HAVE_STDLIB_H 1
| #define HAVE_STRING_H 1
| #define HAVE_MEMORY_H 1
| #define HAVE_STRINGS_H 1
| #define HAVE_INTTYPES_H 1
| #define HAVE_STDINT_H 1
| #define HAVE_UNISTD_H 1
| #define HAVE_DLFCN_H 1
| #ifdef __cplusplus
| extern "C" void std::exit (int); using std::exit;
| #endif
| #define SO_EXT ""
| #define STDC_HEADERS 1
| #define TIME_WITH_SYS_TIME 1
| #define HAVE_DIRENT_H 1
| #define HAVE_CTYPE_H 1
| #define HAVE_DIRENT_H 1
| #define HAVE_DLFCN_H 1
| #define HAVE_ERRNO_H 1
| #define HAVE_FCNTL_H 1
| #define HAVE_GETOPT_H 1
| #define HAVE_LIMITS_H 1
| #define HAVE_STDARG_H 1
| #define HAVE_STDDEF_H 1
| #define HAVE_STDLIB_H 1
| #define HAVE_STRING_H 1
| #define HAVE_SYS_STAT_H 1
| #define HAVE_SYS_TIME_H 1
| #define HAVE_SYS_TYPES_H 1
| #define HAVE_SYS_WAIT_H 1
| #define HAVE_UNISTD_H 1
| #define HAVE_WCHAR_H 1
| #define HAVE_WCTYPE_H 1
| /* end confdefs.h.  */
| #include <xpk/xpk.h>
configure:19593: result: no
configure:19628: checking for xpk/xpk.h
configure:19635: result: no
configure:19650: checking for an ANSI C-conforming const
configure:19717: gcc -c -isysroot /Developer/SDKs/MacOSX10.4u.sdk -arch ppc -arch i386  conftest.c >&5
configure:19723: $? = 0
configure:19727: test -z 
			 || test ! -s conftest.err
configure:19730: $? = 0
configure:19733: test -s conftest.o
configure:19736: $? = 0
configure:19747: result: yes
configure:19757: checking for inline
configure:19778: gcc -c -isysroot /Developer/SDKs/MacOSX10.4u.sdk -arch ppc -arch i386  conftest.c >&5
configure:19784: $? = 0
configure:19788: test -z 
			 || test ! -s conftest.err
configure:19791: $? = 0
configure:19794: test -s conftest.o
configure:19797: $? = 0
configure:19809: result: inline
configure:19828: checking for off_t
configure:19852: gcc -c -isysroot /Developer/SDKs/MacOSX10.4u.sdk -arch ppc -arch i386  conftest.c >&5
configure:19858: $? = 0
configure:19862: test -z 
			 || test ! -s conftest.err
configure:19865: $? = 0
configure:19868: test -s conftest.o
configure:19871: $? = 0
configure:19882: result: yes
configure:19894: checking for size_t
configure:19918: gcc -c -isysroot /Developer/SDKs/MacOSX10.4u.sdk -arch ppc -arch i386  conftest.c >&5
configure:19924: $? = 0
configure:19928: test -z 
			 || test ! -s conftest.err
configure:19931: $? = 0
configure:19934: test -s conftest.o
configure:19937: $? = 0
configure:19948: result: yes
configure:19963: checking for XpkExamine in -lxpk
configure:19993: gcc -o conftest -isysroot /Developer/SDKs/MacOSX10.4u.sdk -arch ppc -arch i386   conftest.c -lxpk   >&5
/usr/bin/ld: for architecture ppc
/usr/bin/ld: can't locate file for: -lxpk
collect2: ld returned 1 exit status
/usr/bin/ld: for architecture i386
/usr/bin/ld: can't locate file for: -lxpk
collect2: ld returned 1 exit status
lipo: can't open input file: /var/tmp//ccB6nfrz.out (No such file or directory)
configure:19999: $? = 1
configure: failed program was:
| /* confdefs.h.  */
| 
| #define PACKAGE_NAME "libxad"
| #define PACKAGE_TARNAME "libxad"
| #define PACKAGE_VERSION "0.1"
| #define PACKAGE_STRING "libxad 0.1"
| #define PACKAGE_BUGREPORT "soft@dstoecker.de"
| #define PACKAGE "libxad"
| #define VERSION "0.1"
| #define XAD_GPLCLIENTS 1
| #define STDC_HEADERS 1
| #define HAVE_SYS_TYPES_H 1
| #define HAVE_SYS_STAT_H 1
| #define HAVE_STDLIB_H 1
| #define HAVE_STRING_H 1
| #define HAVE_MEMORY_H 1
| #define HAVE_STRINGS_H 1
| #define HAVE_INTTYPES_H 1
| #define HAVE_STDINT_H 1
| #define HAVE_UNISTD_H 1
| #define HAVE_DLFCN_H 1
| #ifdef __cplusplus
| extern "C" void std::exit (int); using std::exit;
| #endif
| #define SO_EXT ""
| #define STDC_HEADERS 1
| #define TIME_WITH_SYS_TIME 1
| #define HAVE_DIRENT_H 1
| #define HAVE_CTYPE_H 1
| #define HAVE_DIRENT_H 1
| #define HAVE_DLFCN_H 1
| #define HAVE_ERRNO_H 1
| #define HAVE_FCNTL_H 1
| #define HAVE_GETOPT_H 1
| #define HAVE_LIMITS_H 1
| #define HAVE_STDARG_H 1
| #define HAVE_STDDEF_H 1
| #define HAVE_STDLIB_H 1
| #define HAVE_STRING_H 1
| #define HAVE_SYS_STAT_H 1
| #define HAVE_SYS_TIME_H 1
| #define HAVE_SYS_TYPES_H 1
| #define HAVE_SYS_WAIT_H 1
| #define HAVE_UNISTD_H 1
| #define HAVE_WCHAR_H 1
| #define HAVE_WCTYPE_H 1
| /* end confdefs.h.  */
| 
| /* Override any gcc2 internal prototype to avoid an error.  */
| #ifdef __cplusplus
| extern "C"
| #endif
| /* We use char because int might match the return type of a gcc2
|    builtin and then its argument prototype would still apply.  */
| char XpkExamine ();
| int
| main ()
| {
| XpkExamine ();
|   ;
|   return 0;
| }
configure:20025: result: no
configure:20036: checking for dlopen in -lc
configure:20066: gcc -o conftest -isysroot /Developer/SDKs/MacOSX10.4u.sdk -arch ppc -arch i386   conftest.c -lc   >&5
configure:20072: $? = 0
configure:20076: test -z 
			 || test ! -s conftest.err
configure:20079: $? = 0
configure:20082: test -s conftest
configure:20085: $? = 0
configure:20098: result: yes
configure:20186: checking for special C compiler options needed for large files
configure:20285: result: no
configure:20291: checking for _FILE_OFFSET_BITS value needed for large files
configure:20322: gcc -c -isysroot /Developer/SDKs/MacOSX10.4u.sdk -arch ppc -arch i386  conftest.c >&5
configure:20328: $? = 0
configure:20332: test -z 
			 || test ! -s conftest.err
configure:20335: $? = 0
configure:20338: test -s conftest.o
configure:20341: $? = 0
configure:20406: result: no
configure:20416: checking for _LARGE_FILES value needed for large files
configure:20447: gcc -c -isysroot /Developer/SDKs/MacOSX10.4u.sdk -arch ppc -arch i386  conftest.c >&5
configure:20453: $? = 0
configure:20457: test -z 
			 || test ! -s conftest.err
configure:20460: $? = 0
configure:20463: test -s conftest.o
configure:20466: $? = 0
configure:20531: result: no
configure:20545: checking for working alloca.h
configure:20566: gcc -o conftest -isysroot /Developer/SDKs/MacOSX10.4u.sdk -arch ppc -arch i386   conftest.c  >&5
configure:20572: $? = 0
configure:20576: test -z 
			 || test ! -s conftest.err
configure:20579: $? = 0
configure:20582: test -s conftest
configure:20585: $? = 0
configure:20597: result: yes
configure:20607: checking for alloca
configure:20648: gcc -o conftest -isysroot /Developer/SDKs/MacOSX10.4u.sdk -arch ppc -arch i386   conftest.c  >&5
configure:20654: $? = 0
configure:20658: test -z 
			 || test ! -s conftest.err
configure:20661: $? = 0
configure:20664: test -s conftest
configure:20667: $? = 0
configure:20679: result: yes
configure:20902: checking for _LARGEFILE_SOURCE value needed for large files
configure:20925: gcc -c -isysroot /Developer/SDKs/MacOSX10.4u.sdk -arch ppc -arch i386  conftest.c >&5
conftest.c: In function 'main':
conftest.c:54: warning: the address of 'fseeko', will always evaluate as 'true'
conftest.c: In function 'main':
conftest.c:54: warning: the address of 'fseeko', will always evaluate as 'true'
configure:20931: $? = 0
configure:20935: test -z 
			 || test ! -s conftest.err
configure:20938: $? = 0
configure:20941: test -s conftest.o
configure:20944: $? = 0
configure:21001: result: no
configure:21015: checking for fseeko
configure:21036: gcc -o conftest -isysroot /Developer/SDKs/MacOSX10.4u.sdk -arch ppc -arch i386   conftest.c  >&5
conftest.c: In function 'main':
conftest.c:54: warning: the address of 'fseeko', will always evaluate as 'true'
conftest.c: In function 'main':
conftest.c:54: warning: the address of 'fseeko', will always evaluate as 'true'
configure:21042: $? = 0
configure:21046: test -z 
			 || test ! -s conftest.err
configure:21049: $? = 0
configure:21052: test -s conftest
configure:21055: $? = 0
configure:21067: result: yes
configure:21085: checking for memcpy
configure:21142: gcc -o conftest -isysroot /Developer/SDKs/MacOSX10.4u.sdk -arch ppc -arch i386   conftest.c  >&5
conftest.c:75: warning: conflicting types for built-in function 'memcpy'
conftest.c:75: warning: conflicting types for built-in function 'memcpy'
configure:21148: $? = 0
configure:21152: test -z 
			 || test ! -s conftest.err
configure:21155: $? = 0
configure:21158: test -s conftest
configure:21161: $? = 0
configure:21173: result: yes
configure:21085: checking for strcasecmp
configure:21142: gcc -o conftest -isysroot /Developer/SDKs/MacOSX10.4u.sdk -arch ppc -arch i386   conftest.c  >&5
configure:21148: $? = 0
configure:21152: test -z 
			 || test ! -s conftest.err
configure:21155: $? = 0
configure:21158: test -s conftest
configure:21161: $? = 0
configure:21173: result: yes
configure:21085: checking for strchr
configure:21142: gcc -o conftest -isysroot /Developer/SDKs/MacOSX10.4u.sdk -arch ppc -arch i386   conftest.c  >&5
conftest.c:77: warning: conflicting types for built-in function 'strchr'
conftest.c:77: warning: conflicting types for built-in function 'strchr'
configure:21148: $? = 0
configure:21152: test -z 
			 || test ! -s conftest.err
configure:21155: $? = 0
configure:21158: test -s conftest
configure:21161: $? = 0
configure:21173: result: yes
configure:21085: checking for utime
configure:21142: gcc -o conftest -isysroot /Developer/SDKs/MacOSX10.4u.sdk -arch ppc -arch i386   conftest.c  >&5
configure:21148: $? = 0
configure:21152: test -z 
			 || test ! -s conftest.err
configure:21155: $? = 0
configure:21158: test -s conftest
configure:21161: $? = 0
configure:21173: result: yes
configure:21085: checking for utimes
configure:21142: gcc -o conftest -isysroot /Developer/SDKs/MacOSX10.4u.sdk -arch ppc -arch i386   conftest.c  >&5
configure:21148: $? = 0
configure:21152: test -z 
			 || test ! -s conftest.err
configure:21155: $? = 0
configure:21158: test -s conftest
configure:21161: $? = 0
configure:21173: result: yes
configure:21187: checking for getopt_long
configure:21244: gcc -o conftest -isysroot /Developer/SDKs/MacOSX10.4u.sdk -arch ppc -arch i386   conftest.c  >&5
configure:21250: $? = 0
configure:21254: test -z 
			 || test ! -s conftest.err
configure:21257: $? = 0
configure:21260: test -s conftest
configure:21263: $? = 0
configure:21275: result: yes
configure:21525: creating ./config.status

## ---------------------- ##
## Running config.status. ##
## ---------------------- ##

This file was extended by libxad config.status 0.1, which was
generated by GNU Autoconf 2.59.  Invocation command line was

  CONFIG_FILES    = 
  CONFIG_HEADERS  = 
  CONFIG_LINKS    = 
  CONFIG_COMMANDS = 
  $ ./config.status 

on haibane.adsl.abo.fi

config.status:716: creating Makefile
config.status:716: creating include/Makefile
config.status:716: creating clients/Makefile
config.status:716: creating libxad.spec
config.status:820: creating config.h
config.status:1012: config.h is unchanged
config.status:1170: executing depfiles commands

## ---------------- ##
## Cache variables. ##
## ---------------- ##

ac_cv_build=powerpc-apple-darwin8.6.0
ac_cv_build_alias=powerpc-apple-darwin8.6.0
ac_cv_c_compiler_gnu=yes
ac_cv_c_const=yes
ac_cv_c_inline=inline
ac_cv_cxx_compiler_gnu=yes
ac_cv_env_CC_set=
ac_cv_env_CC_value=
ac_cv_env_CFLAGS_set=set
ac_cv_env_CFLAGS_value='-isysroot /Developer/SDKs/MacOSX10.4u.sdk -arch ppc -arch i386'
ac_cv_env_CPPFLAGS_set=
ac_cv_env_CPPFLAGS_value=
ac_cv_env_CPP_set=
ac_cv_env_CPP_value=
ac_cv_env_CXXCPP_set=
ac_cv_env_CXXCPP_value=
ac_cv_env_CXXFLAGS_set=
ac_cv_env_CXXFLAGS_value=
ac_cv_env_CXX_set=
ac_cv_env_CXX_value=
ac_cv_env_F77_set=
ac_cv_env_F77_value=
ac_cv_env_FFLAGS_set=
ac_cv_env_FFLAGS_value=
ac_cv_env_LDFLAGS_set=
ac_cv_env_LDFLAGS_value=
ac_cv_env_build_alias_set=
ac_cv_env_build_alias_value=
ac_cv_env_host_alias_set=
ac_cv_env_host_alias_value=
ac_cv_env_target_alias_set=
ac_cv_env_target_alias_value=
ac_cv_exeext=
ac_cv_f77_compiler_gnu=no
ac_cv_func_alloca_works=yes
ac_cv_func_fseeko=yes
ac_cv_func_getopt_long=yes
ac_cv_func_memcpy=yes
ac_cv_func_strcasecmp=yes
ac_cv_func_strchr=yes
ac_cv_func_utime=yes
ac_cv_func_utimes=yes
ac_cv_header_ctype_h=yes
ac_cv_header_dirent_dirent_h=yes
ac_cv_header_dirent_h=yes
ac_cv_header_dlfcn_h=yes
ac_cv_header_errno_h=yes
ac_cv_header_fcntl_h=yes
ac_cv_header_getopt_h=yes
ac_cv_header_inttypes_h=yes
ac_cv_header_libintl_h=no
ac_cv_header_limits_h=yes
ac_cv_header_memory_h=yes
ac_cv_header_stdarg_h=yes
ac_cv_header_stdc=yes
ac_cv_header_stddef_h=yes
ac_cv_header_stdint_h=yes
ac_cv_header_stdlib_h=yes
ac_cv_header_string_h=yes
ac_cv_header_strings_h=yes
ac_cv_header_sys_stat_h=yes
ac_cv_header_sys_time_h=yes
ac_cv_header_sys_types_h=yes
ac_cv_header_sys_wait_h=yes
ac_cv_header_time=yes
ac_cv_header_unistd_h=yes
ac_cv_header_wchar_h=yes
ac_cv_header_wctype_h=yes
ac_cv_header_xpk_xpk_h=no
ac_cv_host=powerpc-apple-darwin8.6.0
ac_cv_host_alias=powerpc-apple-darwin8.6.0
ac_cv_lib_c_dlopen=yes
ac_cv_lib_dl_dlopen=yes
ac_cv_lib_xpk_XpkExamine=no
ac_cv_objext=o
ac_cv_path_install='/usr/bin/install -c'
ac_cv_prog_AWK=awk
ac_cv_prog_CPP='gcc -E'
ac_cv_prog_CXXCPP='g++ -E'
ac_cv_prog_ac_ct_AR=ar
ac_cv_prog_ac_ct_CC=gcc
ac_cv_prog_ac_ct_CXX=g++
ac_cv_prog_ac_ct_RANLIB=ranlib
ac_cv_prog_ac_ct_STRIP=strip
ac_cv_prog_cc_g=yes
ac_cv_prog_cc_stdc=
ac_cv_prog_cxx_g=yes
ac_cv_prog_egrep='grep -E'
ac_cv_prog_f77_g=no
ac_cv_prog_make_make_set=yes
ac_cv_search_opendir='none required'
ac_cv_sys_file_offset_bits=no
ac_cv_sys_large_files=no
ac_cv_sys_largefile_CC=no
ac_cv_sys_largefile_source=no
ac_cv_type_off_t=yes
ac_cv_type_size_t=yes
ac_cv_working_alloca_h=yes
am_cv_CC_dependencies_compiler_type=none
am_cv_CXX_dependencies_compiler_type=none
lt_cv_deplibs_check_method=pass_all
lt_cv_dlopen=dlopen
lt_cv_dlopen_libs=-ldl
lt_cv_dlopen_self=yes
lt_cv_dlopen_self_static=yes
lt_cv_file_magic_cmd='/usr/bin/file -L'
lt_cv_file_magic_test_file=/usr/lib/libSystem.dylib
lt_cv_ld_reload_flag=-r
lt_cv_objdir=.libs
lt_cv_path_LD=/usr/bin/ld
lt_cv_path_LDCXX=/usr/bin/ld
lt_cv_path_NM='/usr/bin/nm -p'
lt_cv_path_SED=/usr/bin/sed
lt_cv_prog_compiler_c_o=yes
lt_cv_prog_compiler_c_o_CXX=yes
lt_cv_prog_compiler_rtti_exceptions=no
lt_cv_prog_gnu_ld=no
lt_cv_prog_gnu_ldcxx=no
lt_cv_sys_global_symbol_pipe='sed -n -e '\''s/^.*[ 	]\([BCDEGRST][BCDEGRST]*\)[ 	][ 	]*\(_\)\([_A-Za-z][_A-Za-z0-9]*\)$/\1 \2\3 \3/p'\'''
lt_cv_sys_global_symbol_to_c_name_address='sed -n -e '\''s/^: \([^ ]*\) $/  {\"\1\", (lt_ptr) 0},/p'\'' -e '\''s/^[BCDEGRST] \([^ ]*\) \([^ ]*\)$/  {"\2", (lt_ptr) \&\2},/p'\'''
lt_cv_sys_global_symbol_to_cdecl='sed -n -e '\''s/^. .* \(.*\)$/extern int \1;/p'\'''
lt_cv_sys_max_cmd_len=65536
lt_lt_cv_prog_compiler_c_o='"yes"'
lt_lt_cv_prog_compiler_c_o_CXX='"yes"'
lt_lt_cv_sys_global_symbol_pipe='"sed -n -e '\''s/^.*[ 	]\\([BCDEGRST][BCDEGRST]*\\)[ 	][ 	]*\\(_\\)\\([_A-Za-z][_A-Za-z0-9]*\\)\$/\\1 \\2\\3 \\3/p'\''"'
lt_lt_cv_sys_global_symbol_to_c_name_address='"sed -n -e '\''s/^: \\([^ ]*\\) \$/  {\\\"\\1\\\", (lt_ptr) 0},/p'\'' -e '\''s/^[BCDEGRST] \\([^ ]*\\) \\([^ ]*\\)\$/  {\"\\2\", (lt_ptr) \\&\\2},/p'\''"'
lt_lt_cv_sys_global_symbol_to_cdecl='"sed -n -e '\''s/^. .* \\(.*\\)\$/extern int \\1;/p'\''"'

## ----------------- ##
## Output variables. ##
## ----------------- ##

ACLOCAL='${SHELL} /Users/dag/Code/SevenArchiveHelper/libxad/portable/missing --run aclocal-1.6'
ALLOCA=''
AMDEPBACKSLASH=''
AMDEP_FALSE=''
AMDEP_TRUE='#'
AMTAR='${SHELL} /Users/dag/Code/SevenArchiveHelper/libxad/portable/missing --run tar'
AR='ar'
AUTOCONF='${SHELL} /Users/dag/Code/SevenArchiveHelper/libxad/portable/missing --run autoconf'
AUTOHEADER='${SHELL} /Users/dag/Code/SevenArchiveHelper/libxad/portable/missing --run autoheader'
AUTOMAKE='${SHELL} /Users/dag/Code/SevenArchiveHelper/libxad/portable/missing --run automake-1.6'
AWK='awk'
CC='gcc'
CCDEPMODE='depmode=none'
CFLAGS='-isysroot /Developer/SDKs/MacOSX10.4u.sdk -arch ppc -arch i386'
CLIENTDIR='/Users/dag/Code/SevenArchiveHelper/libxad/portable/_install/lib/xad/clients'
CPP='gcc -E'
CPPFLAGS=''
CXX='g++'
CXXCPP='g++ -E'
CXXDEPMODE='depmode=none'
CXXFLAGS='-g -O2'
DEBUG_FALSE=''
DEBUG_TRUE='#'
DEFS='-DHAVE_CONFIG_H'
DEPDIR='.deps'
ECHO='echo'
ECHO_C=''
ECHO_N='-n'
ECHO_T=''
EGREP='grep -E'
EXEEXT=''
F77=''
FFLAGS=''
INSTALL_DATA='${INSTALL} -m 644'
INSTALL_PROGRAM='${INSTALL}'
INSTALL_SCRIPT='${INSTALL}'
INSTALL_STRIP_PROGRAM='${SHELL} $(install_sh) -c -s'
LDFLAGS=''
LIBOBJS=''
LIBS=''
LIBTOOL='$(SHELL) $(top_builddir)/libtool'
LIB_DL=''
LN_S='ln -s'
LTLIBOBJS=''
MAKEINFO='${SHELL} /Users/dag/Code/SevenArchiveHelper/libxad/portable/missing --run makeinfo'
OBJEXT='o'
PACKAGE='libxad'
PACKAGE_BUGREPORT='soft@dstoecker.de'
PACKAGE_NAME='libxad'
PACKAGE_STRING='libxad 0.1'
PACKAGE_TARNAME='libxad'
PACKAGE_VERSION='0.1'
PATH_SEPARATOR=':'
RANLIB='ranlib'
SET_MAKE=''
SHELL='/bin/sh'
STRIP='strip'
TAGMODE='VARARGS'
VERSION='0.1'
XAD_GPLCLIENTS_FALSE='#'
XAD_GPLCLIENTS_TRUE=''
ac_ct_AR='ar'
ac_ct_CC='gcc'
ac_ct_CXX='g++'
ac_ct_F77=''
ac_ct_RANLIB='ranlib'
ac_ct_STRIP='strip'
am__include='include'
am__quote=''
bindir='${exec_prefix}/bin'
build='powerpc-apple-darwin8.6.0'
build_alias=''
build_cpu='powerpc'
build_os='darwin8.6.0'
build_vendor='apple'
datadir='${prefix}/share'
exec_prefix='${prefix}'
host='powerpc-apple-darwin8.6.0'
host_alias=''
host_cpu='powerpc'
host_os='darwin8.6.0'
host_vendor='apple'
includedir='${prefix}/include'
infodir='${prefix}/info'
install_sh='/Users/dag/Code/SevenArchiveHelper/libxad/portable/install-sh'
libdir='${exec_prefix}/lib'
libexecdir='${exec_prefix}/libexec'
localstatedir='${prefix}/var'
mandir='${prefix}/man'
oldincludedir='/usr/include'
prefix='/Users/dag/Code/SevenArchiveHelper/libxad/portable/_install'
program_transform_name='s,x,x,'
sbindir='${exec_prefix}/sbin'
sharedstatedir='${prefix}/com'
sysconfdir='${prefix}/etc'
target_alias=''

## ----------- ##
## confdefs.h. ##
## ----------- ##

#define CLIENTDIR "/Users/dag/Code/SevenArchiveHelper/libxad/portable/_install/lib/xad/clients"
#define HAVE_ALLOCA 1
#define HAVE_ALLOCA_H 1
#define HAVE_CTYPE_H 1
#define HAVE_DIRENT_H 1
#define HAVE_DIRENT_H 1
#define HAVE_DLFCN_H 1
#define HAVE_DLFCN_H 1
#define HAVE_ERRNO_H 1
#define HAVE_FCNTL_H 1
#define HAVE_FSEEKO 1
#define HAVE_GETOPT_H 1
#define HAVE_GETOPT_LONG 1
#define HAVE_INTTYPES_H 1
#define HAVE_LIMITS_H 1
#define HAVE_MEMCPY 1
#define HAVE_MEMORY_H 1
#define HAVE_STDARG_H 1
#define HAVE_STDDEF_H 1
#define HAVE_STDINT_H 1
#define HAVE_STDLIB_H 1
#define HAVE_STDLIB_H 1
#define HAVE_STRCASECMP 1
#define HAVE_STRCHR 1
#define HAVE_STRINGS_H 1
#define HAVE_STRING_H 1
#define HAVE_STRING_H 1
#define HAVE_SYS_STAT_H 1
#define HAVE_SYS_STAT_H 1
#define HAVE_SYS_TIME_H 1
#define HAVE_SYS_TYPES_H 1
#define HAVE_SYS_TYPES_H 1
#define HAVE_SYS_WAIT_H 1
#define HAVE_UNISTD_H 1
#define HAVE_UNISTD_H 1
#define HAVE_UTIME 1
#define HAVE_UTIMES 1
#define HAVE_WCHAR_H 1
#define HAVE_WCTYPE_H 1
#define PACKAGE "libxad"
#define PACKAGE_BUGREPORT "soft@dstoecker.de"
#define PACKAGE_NAME "libxad"
#define PACKAGE_STRING "libxad 0.1"
#define PACKAGE_TARNAME "libxad"
#define PACKAGE_VERSION "0.1"
#define SO_EXT ""
#define STDC_HEADERS 1
#define STDC_HEADERS 1
#define TIME_WITH_SYS_TIME 1
#define VERSION "0.1"
#define XAD_GPLCLIENTS 1
#endif
#ifdef __cplusplus
extern "C" void std::exit (int); using std::exit;

configure: exit 0

## ---------------------- ##
## Running config.status. ##
## ---------------------- ##

This file was extended by libxad config.status 0.1, which was
generated by GNU Autoconf 2.59.  Invocation command line was

  CONFIG_FILES    = 
  CONFIG_HEADERS  = 
  CONFIG_LINKS    = 
  CONFIG_COMMANDS = 
  $ ./config.status config.h

on haibane.adsl.abo.fi

config.status:820: creating config.h
config.status:1012: config.h is unchanged

## ---------------------- ##
## Running config.status. ##
## ---------------------- ##

This file was extended by libxad config.status 0.1, which was
generated by GNU Autoconf 2.59.  Invocation command line was

  CONFIG_FILES    = 
  CONFIG_HEADERS  = 
  CONFIG_LINKS    = 
  CONFIG_COMMANDS = 
  $ ./config.status config.h

on haibane.adsl.abo.fi

config.status:820: creating config.h
config.status:1012: config.h is unchanged

## ---------------------- ##
## Running config.status. ##
## ---------------------- ##

This file was extended by libxad config.status 0.1, which was
generated by GNU Autoconf 2.59.  Invocation command line was

  CONFIG_FILES    = 
  CONFIG_HEADERS  = 
  CONFIG_LINKS    = 
  CONFIG_COMMANDS = 
  $ ./config.status config.h

on haibane.adsl.abo.fi

config.status:820: creating config.h
config.status:1012: config.h is unchanged

## ---------------------- ##
## Running config.status. ##
## ---------------------- ##

This file was extended by libxad config.status 0.1, which was
generated by GNU Autoconf 2.59.  Invocation command line was

  CONFIG_FILES    = 
  CONFIG_HEADERS  = 
  CONFIG_LINKS    = 
  CONFIG_COMMANDS = 
  $ ./config.status config.h

on haibane.adsl.abo.fi

config.status:820: creating config.h
config.status:1012: config.h is unchanged

## ---------------------- ##
## Running config.status. ##
## ---------------------- ##

This file was extended by libxad config.status 0.1, which was
generated by GNU Autoconf 2.59.  Invocation command line was

  CONFIG_FILES    = 
  CONFIG_HEADERS  = 
  CONFIG_LINKS    = 
  CONFIG_COMMANDS = 
  $ ./config.status config.h

on haibane.adsl.abo.fi

config.status:820: creating config.h
config.status:1012: config.h is unchanged

## ---------------------- ##
## Running config.status. ##
## ---------------------- ##

This file was extended by libxad config.status 0.1, which was
generated by GNU Autoconf 2.59.  Invocation command line was

  CONFIG_FILES    = 
  CONFIG_HEADERS  = 
  CONFIG_LINKS    = 
  CONFIG_COMMANDS = 
  $ ./config.status config.h

on haibane.adsl.abo.fi

config.status:820: creating config.h
config.status:1012: config.h is unchanged

## ---------------------- ##
## Running config.status. ##
## ---------------------- ##

This file was extended by libxad config.status 0.1, which was
generated by GNU Autoconf 2.59.  Invocation command line was

  CONFIG_FILES    = 
  CONFIG_HEADERS  = 
  CONFIG_LINKS    = 
  CONFIG_COMMANDS = 
  $ ./config.status config.h

on haibane.adsl.abo.fi

config.status:820: creating config.h
config.status:1012: config.h is unchanged

## ---------------------- ##
## Running config.status. ##
## ---------------------- ##

This file was extended by libxad config.status 0.1, which was
generated by GNU Autoconf 2.59.  Invocation command line was

  CONFIG_FILES    = 
  CONFIG_HEADERS  = 
  CONFIG_LINKS    = 
  CONFIG_COMMANDS = 
  $ ./config.status config.h

on haibane.adsl.abo.fi

config.status:820: creating config.h
config.status:1012: config.h is unchanged

## ---------------------- ##
## Running config.status. ##
## ---------------------- ##

This file was extended by libxad config.status 0.1, which was
generated by GNU Autoconf 2.59.  Invocation command line was

  CONFIG_FILES    = 
  CONFIG_HEADERS  = 
  CONFIG_LINKS    = 
  CONFIG_COMMANDS = 
  $ ./config.status config.h

on haibane.adsl.abo.fi

config.status:820: creating config.h
config.status:1012: config.h is unchanged

## ---------------------- ##
## Running config.status. ##
## ---------------------- ##

This file was extended by libxad config.status 0.1, which was
generated by GNU Autoconf 2.59.  Invocation command line was

  CONFIG_FILES    = 
  CONFIG_HEADERS  = 
  CONFIG_LINKS    = 
  CONFIG_COMMANDS = 
  $ ./config.status config.h

on haibane.adsl.abo.fi

config.status:820: creating config.h
config.status:1012: config.h is unchanged

## ---------------------- ##
## Running config.status. ##
## ---------------------- ##

This file was extended by libxad config.status 0.1, which was
generated by GNU Autoconf 2.59.  Invocation command line was

  CONFIG_FILES    = 
  CONFIG_HEADERS  = 
  CONFIG_LINKS    = 
  CONFIG_COMMANDS = 
  $ ./config.status config.h

on haibane.adsl.abo.fi

config.status:820: creating config.h
config.status:1012: config.h is unchanged

## ---------------------- ##
## Running config.status. ##
## ---------------------- ##

This file was extended by libxad config.status 0.1, which was
generated by GNU Autoconf 2.59.  Invocation command line was

  CONFIG_FILES    = 
  CONFIG_HEADERS  = 
  CONFIG_LINKS    = 
  CONFIG_COMMANDS = 
  $ ./config.status config.h

on haibane.adsl.abo.fi

config.status:820: creating config.h
config.status:1012: config.h is unchanged
